1:
3.7
3.4
3.6
4.2
3.7
3.8
3.5
3.7
3.8
3.6
3.2
3.6
3.8
3.8
3.1
3.8
3.6
4.1
3.9
3.9
3.3
5.0
3.6
1001:
4.0
3.5
3.3
3.4
3.8
3.8
3.7
3.5
3.1
3.5
3.5
3.7
3.2
3.5
3.4
3.4
3.8
3.7
3.2
3.4
3.2
3.7
3.4
3.1
3.5
3.3
3.5
3.5
4.0
3.9
3.5
5.0
3.3
3.5
3.5
3.5
3.8
3.0
3.1
3.7
3.8
3.3
3.5
3.8
3.8
3.5
3.4
3.4
3.4
3.8
3.4
2.9
3.0
3.5
3.7
3.9
3.2
3.5
3.5
3.4
3.4
3.3
3.3
3.3
3.8
3.2
3.2
3.3
3.8
3.5
3.3
3.4
3.5
3.3
3.3
3.7
3.0
3.1
3.5
3.5
4.0
3.8
3.0
3.5
3.4
3.4
3.4
3.8
3.4
3.2
3.8
3.5
3.5
3.7
3.3
3.0
3.3
3.4
3.4
3.4
3.5
3.5
3.3
3.3
3.5
3.5
3.5
3.7
3.5
3.1
3.3
3.4
3.4
3.3
3.4
3.1
3.3
3.7
3.5
3.3
3.4
3.5
3.4
3.5
3.4
3.4
3.3
3.7
3.4
3.4
3.5
3.7
3.5
3.4
10010:
2.8
2.7
2.7
3.3
2.9
2.8
2.8
2.7
2.6
2.8
2.6
2.6
2.7
2.6
3.2
2.7
2.6
2.9
2.4
2.8
2.6
2.6
2.7
10011:
4.0
3.7
10012:
3.3
3.8
3.2
3.3
3.7
3.7
3.0
3.3
3.2
3.3
3.7
3.3
3.2
RMSE: 0.93
